0 info it worked if it ends with ok
1 verbose cli [ 'node', '/usr/local/bin/npm', 'run', 'release-mac' ]
2 info using npm@2.11.0
3 info using node@v0.10.35
4 verbose run-script [ 'prerelease-mac', 'release-mac', 'postrelease-mac' ]
5 info prerelease-mac loopjs-packager@0.0.0
6 info release-mac loopjs-packager@0.0.0
7 verbose unsafe-perm in lifecycle true
8 info loopjs-packager@0.0.0 Failed to exec release-mac script
9 verbose stack Error: loopjs-packager@0.0.0 release-mac: `mkdir -p build && rm -rf build/* && electron-packager ../loop-drop-app "Loop Drop" --prune --platform=darwin --version=0.28.1 --arch=x64 --ignore="(build|releases|test|sounds|doc|tests|mocha|node_modules/midi)/" --out="build" --app-version=`cd ../loop-drop-app && npv` --icon=icon.icns && sh codesign.sh && appdmg appdmg.json "releases/Loop Drop v`cd ../loop-drop-app && npv`.dmg"`
9 verbose stack Exit status 1
9 verbose stack     at EventEmitter.<anonymous> (/usr/local/lib/node_modules/npm/lib/utils/lifecycle.js:213:16)
9 verbose stack     at EventEmitter.emit (events.js:98:17)
9 verbose stack     at ChildProcess.<anonymous> (/usr/local/lib/node_modules/npm/lib/utils/spawn.js:24:14)
9 verbose stack     at ChildProcess.emit (events.js:98:17)
9 verbose stack     at maybeClose (child_process.js:766:16)
9 verbose stack     at Process.ChildProcess._handle.onexit (child_process.js:833:5)
10 verbose pkgid loopjs-packager@0.0.0
11 verbose cwd /Users/matt/Code/loop/loopjs-packager
12 error Darwin 14.3.0
13 error argv "node" "/usr/local/bin/npm" "run" "release-mac"
14 error node v0.10.35
15 error npm  v2.11.0
16 error code ELIFECYCLE
17 error loopjs-packager@0.0.0 release-mac: `mkdir -p build && rm -rf build/* && electron-packager ../loop-drop-app "Loop Drop" --prune --platform=darwin --version=0.28.1 --arch=x64 --ignore="(build|releases|test|sounds|doc|tests|mocha|node_modules/midi)/" --out="build" --app-version=`cd ../loop-drop-app && npv` --icon=icon.icns && sh codesign.sh && appdmg appdmg.json "releases/Loop Drop v`cd ../loop-drop-app && npv`.dmg"`
17 error Exit status 1
18 error Failed at the loopjs-packager@0.0.0 release-mac script 'mkdir -p build && rm -rf build/* && electron-packager ../loop-drop-app "Loop Drop" --prune --platform=darwin --version=0.28.1 --arch=x64 --ignore="(build|releases|test|sounds|doc|tests|mocha|node_modules/midi)/" --out="build" --app-version=`cd ../loop-drop-app && npv` --icon=icon.icns && sh codesign.sh && appdmg appdmg.json "releases/Loop Drop v`cd ../loop-drop-app && npv`.dmg"'.
18 error This is most likely a problem with the loopjs-packager package,
18 error not with npm itself.
18 error Tell the author that this fails on your system:
18 error     mkdir -p build && rm -rf build/* && electron-packager ../loop-drop-app "Loop Drop" --prune --platform=darwin --version=0.28.1 --arch=x64 --ignore="(build|releases|test|sounds|doc|tests|mocha|node_modules/midi)/" --out="build" --app-version=`cd ../loop-drop-app && npv` --icon=icon.icns && sh codesign.sh && appdmg appdmg.json "releases/Loop Drop v`cd ../loop-drop-app && npv`.dmg"
18 error You can get their info via:
18 error     npm owner ls loopjs-packager
18 error There is likely additional logging output above.
19 verbose exit [ 1, true ]
